<?xml version="1.0" encoding="UTF-8"?>
<!-- Generated by org.testng.reporters.JUnitReportReporter -->
<testsuite hostname="KOUSHIK" failures="0" tests="1" name="testscript1.Campaign" time="0.021" errors="0" timestamp="2024-12-26T09:28:26 IST" skipped="0">
  <testcase classname="testscript1.Campaign" name="createCampaign" time="0.021"/>
  <system-out>
    <![CDATA[createCampaign]]>
  </system-out>
</testsuite> <!-- testscript1.Campaign -->
